<?xml version="1.0" encoding="UTF-8"?>
<testng-results ignored="0" total="1" passed="1" failed="0" skipped="0">
  <reporter-output>
  </reporter-output>
  <suite started-at="2024-05-19T18:29:03 MESZ" name="Default suite" finished-at="2024-05-19T18:29:07 MESZ" duration-ms="3695">
    <groups>
    </groups>
    <test started-at="2024-05-19T18:29:03 MESZ" name="Default test" finished-at="2024-05-19T18:29:07 MESZ" duration-ms="3695">
      <class name="RestAssured.POSTRequest">
        <test-method signature="PostRequestTest()[pri:0, instance:RestAssured.POSTRequest@e19bb76]" started-at="2024-05-19T18:29:03 MESZ" name="PostRequestTest" finished-at="2024-05-19T18:29:07 MESZ" duration-ms="3628" status="PASS">
          <reporter-output>
          </reporter-output>
        </test-method> <!-- PostRequestTest -->
      </class> <!-- RestAssured.POSTRequest -->
    </test> <!-- Default test -->
  </suite> <!-- Default suite -->
</testng-results>
